-------------------------------------------------------------------------------
Test set: com.wellsfargo.companyDetails.CompanyDetailsApplicationTests
-------------------------------------------------------------------------------
Tests run: 1, Failures: 0, Errors: 1, Skipped: 0, Time elapsed: 0.62 s <<< FAILURE! - in com.wellsfargo.companyDetails.CompanyDetailsApplicationTests
com.wellsfargo.companyDetails.CompanyDetailsApplicationTests  Time elapsed: 0.62 s  <<< ERROR!
java.lang.IllegalStateException: Unable to find a @SpringBootConfiguration, you need to use @ContextConfiguration or @SpringBootTest(classes=...) with your test

