<?xml version="1.0" encoding="UTF-8"?>
<testsuite xmlns:xsi="http://www.w3.org/2001/XMLSchema-instance" xsi:noNamespaceSchemaLocation="https://maven.apache.org/surefire/maven-surefire-plugin/xsd/surefire-test-report.xsd" name="com.wellsfargo.companyDetails.CompanyDetailsApplicationTests" time="0.62" tests="1" errors="1" skipped="0" failures="0">
  <properties>
[...]
</properties>
  <testcase name="com.wellsfargo.companyDetails.CompanyDetailsApplicationTests" classname="com.wellsfargo.companyDetails.CompanyDetailsApplicationTests" time="0.62">
    <error message="Unable to find a @SpringBootConfiguration, you need to use @ContextConfiguration or @SpringBootTest(classes=...) with your test" type="java.lang.IllegalStateException">java.lang.IllegalStateException: Unable to find a @SpringBootConfiguration, you need to use @ContextConfiguration or @SpringBootTest(classes=...) with your test
</error>
    <system-out><![CDATA[20:16:37.613 [main] DEBUG org.springframework.test.context.BootstrapUtils - Instantiating CacheAwareContextLoaderDelegate from class [org.springframework.test.context.cache.DefaultCacheAwareContextLoaderDelegate]
20:16:37.636 [main] DEBUG org.springframework.test.context.BootstrapUtils - Instantiating BootstrapContext using constructor [public org.springframework.test.context.support.DefaultBootstrapContext(java.lang.Class,org.springframework.test.context.CacheAwareContextLoaderDelegate)]
20:16:37.688 [main] DEBUG org.springframework.test.context.BootstrapUtils - Instantiating TestContextBootstrapper for test class [com.wellsfargo.companyDetails.CompanyDetailsApplicationTests] from class [org.springframework.boot.test.context.SpringBootTestContextBootstrapper]
20:16:37.737 [main] INFO org.springframework.boot.test.context.SpringBootTestContextBootstrapper - Neither @ContextConfiguration nor @ContextHierarchy found for test class [com.wellsfargo.companyDetails.CompanyDetailsApplicationTests], using SpringBootContextLoader
20:16:37.743 [main] DEBUG org.springframework.test.context.support.AbstractContextLoader - Did not detect default resource location for test class [com.wellsfargo.companyDetails.CompanyDetailsApplicationTests]: class path resource [com/wellsfargo/companyDetails/CompanyDetailsApplicationTests-context.xml] does not exist
20:16:37.744 [main] DEBUG org.springframework.test.context.support.AbstractContextLoader - Did not detect default resource location for test class [com.wellsfargo.companyDetails.CompanyDetailsApplicationTests]: class path resource [com/wellsfargo/companyDetails/CompanyDetailsApplicationTestsContext.groovy] does not exist
20:16:37.744 [main] INFO org.springframework.test.context.support.AbstractContextLoader - Could not detect default resource locations for test class [com.wellsfargo.companyDetails.CompanyDetailsApplicationTests]: no resource found for suffixes {-context.xml, Context.groovy}.
20:16:37.745 [main] INFO org.springframework.test.context.support.AnnotationConfigContextLoaderUtils - Could not detect default configuration classes for test class [com.wellsfargo.companyDetails.CompanyDetailsApplicationTests]: CompanyDetailsApplicationTests does not declare any static, non-private, non-final, nested classes annotated with @Configuration.
20:16:37.813 [main] DEBUG org.springframework.test.context.support.ActiveProfilesUtils - Could not find an 'annotation declaring class' for annotation type [org.springframework.test.context.ActiveProfiles] and class [com.wellsfargo.companyDetails.CompanyDetailsApplicationTests]
20:16:37.950 [main] DEBUG org.springframework.test.context.BootstrapUtils - Instantiating CacheAwareContextLoaderDelegate from class [org.springframework.test.context.cache.DefaultCacheAwareContextLoaderDelegate]
20:16:37.950 [main] DEBUG org.springframework.test.context.BootstrapUtils - Instantiating BootstrapContext using constructor [public org.springframework.test.context.support.DefaultBootstrapContext(java.lang.Class,org.springframework.test.context.CacheAwareContextLoaderDelegate)]
20:16:37.976 [main] DEBUG org.springframework.test.context.BootstrapUtils - Instantiating TestContextBootstrapper for test class [com.wellsfargo.companyDetails.CompanyDetailsApplicationTests] from class [org.springframework.boot.test.context.SpringBootTestContextBootstrapper]
20:16:37.979 [main] INFO org.springframework.boot.test.context.SpringBootTestContextBootstrapper - Neither @ContextConfiguration nor @ContextHierarchy found for test class [com.wellsfargo.companyDetails.CompanyDetailsApplicationTests], using SpringBootContextLoader
20:16:37.980 [main] DEBUG org.springframework.test.context.support.AbstractContextLoader - Did not detect default resource location for test class [com.wellsfargo.companyDetails.CompanyDetailsApplicationTests]: class path resource [com/wellsfargo/companyDetails/CompanyDetailsApplicationTests-context.xml] does not exist
20:16:37.981 [main] DEBUG org.springframework.test.context.support.AbstractContextLoader - Did not detect default resource location for test class [com.wellsfargo.companyDetails.CompanyDetailsApplicationTests]: class path resource [com/wellsfargo/companyDetails/CompanyDetailsApplicationTestsContext.groovy] does not exist
20:16:37.981 [main] INFO org.springframework.test.context.support.AbstractContextLoader - Could not detect default resource locations for test class [com.wellsfargo.companyDetails.CompanyDetailsApplicationTests]: no resource found for suffixes {-context.xml, Context.groovy}.
20:16:37.981 [main] INFO org.springframework.test.context.support.AnnotationConfigContextLoaderUtils - Could not detect default configuration classes for test class [com.wellsfargo.companyDetails.CompanyDetailsApplicationTests]: CompanyDetailsApplicationTests does not declare any static, non-private, non-final, nested classes annotated with @Configuration.
20:16:37.988 [main] DEBUG org.springframework.test.context.support.ActiveProfilesUtils - Could not find an 'annotation declaring class' for annotation type [org.springframework.test.context.ActiveProfiles] and class [com.wellsfargo.companyDetails.CompanyDetailsApplicationTests]
20:16:38.045 [main] DEBUG org.springframework.test.context.BootstrapUtils - Instantiating CacheAwareContextLoaderDelegate from class [org.springframework.test.context.cache.DefaultCacheAwareContextLoaderDelegate]
20:16:38.046 [main] DEBUG org.springframework.test.context.BootstrapUtils - Instantiating BootstrapContext using constructor [public org.springframework.test.context.support.DefaultBootstrapContext(java.lang.Class,org.springframework.test.context.CacheAwareContextLoaderDelegate)]
20:16:38.049 [main] DEBUG org.springframework.test.context.BootstrapUtils - Instantiating TestContextBootstrapper for test class [com.wellsfargo.companyDetails.CompanyDetailsApplicationTests] from class [org.springframework.boot.test.context.SpringBootTestContextBootstrapper]
20:16:38.052 [main] INFO org.springframework.boot.test.context.SpringBootTestContextBootstrapper - Neither @ContextConfiguration nor @ContextHierarchy found for test class [com.wellsfargo.companyDetails.CompanyDetailsApplicationTests], using SpringBootContextLoader
20:16:38.058 [main] DEBUG org.springframework.test.context.support.AbstractContextLoader - Did not detect default resource location for test class [com.wellsfargo.companyDetails.CompanyDetailsApplicationTests]: class path resource [com/wellsfargo/companyDetails/CompanyDetailsApplicationTests-context.xml] does not exist
20:16:38.062 [main] DEBUG org.springframework.test.context.support.AbstractContextLoader - Did not detect default resource location for test class [com.wellsfargo.companyDetails.CompanyDetailsApplicationTests]: class path resource [com/wellsfargo/companyDetails/CompanyDetailsApplicationTestsContext.groovy] does not exist
20:16:38.064 [main] INFO org.springframework.test.context.support.AbstractContextLoader - Could not detect default resource locations for test class [com.wellsfargo.companyDetails.CompanyDetailsApplicationTests]: no resource found for suffixes {-context.xml, Context.groovy}.
20:16:38.064 [main] INFO org.springframework.test.context.support.AnnotationConfigContextLoaderUtils - Could not detect default configuration classes for test class [com.wellsfargo.companyDetails.CompanyDetailsApplicationTests]: CompanyDetailsApplicationTests does not declare any static, non-private, non-final, nested classes annotated with @Configuration.
20:16:38.066 [main] DEBUG org.springframework.test.context.support.ActiveProfilesUtils - Could not find an 'annotation declaring class' for annotation type [org.springframework.test.context.ActiveProfiles] and class [com.wellsfargo.companyDetails.CompanyDetailsApplicationTests]
]]></system-out>
  </testcase>
</testsuite>